  b2BroadPhase.cpp
Box2D\Collision\b2BroadPhase.cpp(19): fatal error C1083: Cannot open include file: 'Box2D/Collision/b2BroadPhase.h': No such file or directory
  b2CollideCircle.cpp
Box2D\Collision\b2CollideCircle.cpp(19): fatal error C1083: Cannot open include file: 'Box2D/Collision/b2Collision.h': No such file or directory
  b2CollideEdge.cpp
Box2D\Collision\b2CollideEdge.cpp(19): fatal error C1083: Cannot open include file: 'Box2D/Collision/b2Collision.h': No such file or directory
  b2CollidePolygon.cpp
Box2D\Collision\b2CollidePolygon.cpp(19): fatal error C1083: Cannot open include file: 'Box2D/Collision/b2Collision.h': No such file or directory
  b2Collision.cpp
Box2D\Collision\b2Collision.cpp(19): fatal error C1083: Cannot open include file: 'Box2D/Collision/b2Collision.h': No such file or directory
  b2Distance.cpp
Box2D\Collision\b2Distance.cpp(19): fatal error C1083: Cannot open include file: 'Box2D/Collision/b2Distance.h': No such file or directory
  b2DynamicTree.cpp
Box2D\Collision\b2DynamicTree.cpp(19): fatal error C1083: Cannot open include file: 'Box2D/Collision/b2DynamicTree.h': No such file or directory
  b2TimeOfImpact.cpp
Box2D\Collision\b2TimeOfImpact.cpp(19): fatal error C1083: Cannot open include file: 'Box2D/Collision/b2Collision.h': No such file or directory
  b2ChainShape.cpp
Box2D\Collision\Shapes\b2ChainShape.cpp(19): fatal error C1083: Cannot open include file: 'Box2D/Collision/Shapes/b2ChainShape.h': No such file or directory
  b2CircleShape.cpp
Box2D\Collision\Shapes\b2CircleShape.cpp(19): fatal error C1083: Cannot open include file: 'Box2D/Collision/Shapes/b2CircleShape.h': No such file or directory
  b2EdgeShape.cpp
Box2D\Collision\Shapes\b2EdgeShape.cpp(19): fatal error C1083: Cannot open include file: 'Box2D/Collision/Shapes/b2EdgeShape.h': No such file or directory
  b2PolygonShape.cpp
Box2D\Collision\Shapes\b2PolygonShape.cpp(19): fatal error C1083: Cannot open include file: 'Box2D/Collision/Shapes/b2PolygonShape.h': No such file or directory
  b2BlockAllocator.cpp
Box2D\Common\b2BlockAllocator.cpp(19): fatal error C1083: Cannot open include file: 'Box2D/Common/b2BlockAllocator.h': No such file or directory
  b2Draw.cpp
Box2D\Common\b2Draw.cpp(19): fatal error C1083: Cannot open include file: 'Box2D/Common/b2Draw.h': No such file or directory
  b2Math.cpp
Box2D\Common\b2Math.cpp(19): fatal error C1083: Cannot open include file: 'Box2D/Common/b2Math.h': No such file or directory
  b2Settings.cpp
Box2D\Common\b2Settings.cpp(19): fatal error C1083: Cannot open include file: 'Box2D/Common/b2Settings.h': No such file or directory
  b2StackAllocator.cpp
Box2D\Common\b2StackAllocator.cpp(19): fatal error C1083: Cannot open include file: 'Box2D/Common/b2StackAllocator.h': No such file or directory
  b2Timer.cpp
Box2D\Common\b2Timer.cpp(19): fatal error C1083: Cannot open include file: 'Box2D/Common/b2Timer.h': No such file or directory
  b2Body.cpp
Box2D\Dynamics\b2Body.cpp(19): fatal error C1083: Cannot open include file: 'Box2D/Dynamics/b2Body.h': No such file or directory
  b2ContactManager.cpp
Box2D\Dynamics\b2ContactManager.cpp(19): fatal error C1083: Cannot open include file: 'Box2D/Dynamics/b2ContactManager.h': No such file or directory
  Compiling...
  b2Fixture.cpp
Box2D\Dynamics\b2Fixture.cpp(19): fatal error C1083: Cannot open include file: 'Box2D/Dynamics/b2Fixture.h': No such file or directory
  b2Island.cpp
Box2D\Dynamics\b2Island.cpp(19): fatal error C1083: Cannot open include file: 'Box2D/Collision/b2Distance.h': No such file or directory
  b2World.cpp
Box2D\Dynamics\b2World.cpp(19): fatal error C1083: Cannot open include file: 'Box2D/Dynamics/b2World.h': No such file or directory
  b2WorldCallbacks.cpp
Box2D\Dynamics\b2WorldCallbacks.cpp(19): fatal error C1083: Cannot open include file: 'Box2D/Dynamics/b2WorldCallbacks.h': No such file or directory
  b2ChainAndCircleContact.cpp
Box2D\Dynamics\Contacts\b2ChainAndCircleContact.cpp(19): fatal error C1083: Cannot open include file: 'Box2D/Dynamics/Contacts/b2ChainAndCircleContact.h': No such file or directory
  b2ChainAndPolygonContact.cpp
Box2D\Dynamics\Contacts\b2ChainAndPolygonContact.cpp(19): fatal error C1083: Cannot open include file: 'Box2D/Dynamics/Contacts/b2ChainAndPolygonContact.h': No such file or directory
  b2CircleContact.cpp
Box2D\Dynamics\Contacts\b2CircleContact.cpp(19): fatal error C1083: Cannot open include file: 'Box2D/Dynamics/Contacts/b2CircleContact.h': No such file or directory
  b2Contact.cpp
Box2D\Dynamics\Contacts\b2Contact.cpp(19): fatal error C1083: Cannot open include file: 'Box2D/Dynamics/Contacts/b2Contact.h': No such file or directory
  b2ContactSolver.cpp
Box2D\Dynamics\Contacts\b2ContactSolver.cpp(19): fatal error C1083: Cannot open include file: 'Box2D/Dynamics/Contacts/b2ContactSolver.h': No such file or directory
  b2EdgeAndCircleContact.cpp
Box2D\Dynamics\Contacts\b2EdgeAndCircleContact.cpp(19): fatal error C1083: Cannot open include file: 'Box2D/Dynamics/Contacts/b2EdgeAndCircleContact.h': No such file or directory
  b2EdgeAndPolygonContact.cpp
Box2D\Dynamics\Contacts\b2EdgeAndPolygonContact.cpp(19): fatal error C1083: Cannot open include file: 'Box2D/Dynamics/Contacts/b2EdgeAndPolygonContact.h': No such file or directory
  b2PolygonAndCircleContact.cpp
Box2D\Dynamics\Contacts\b2PolygonAndCircleContact.cpp(19): fatal error C1083: Cannot open include file: 'Box2D/Dynamics/Contacts/b2PolygonAndCircleContact.h': No such file or directory
  b2PolygonContact.cpp
Box2D\Dynamics\Contacts\b2PolygonContact.cpp(19): fatal error C1083: Cannot open include file: 'Box2D/Dynamics/Contacts/b2PolygonContact.h': No such file or directory
  b2DistanceJoint.cpp
Box2D\Dynamics\Joints\b2DistanceJoint.cpp(19): fatal error C1083: Cannot open include file: 'Box2D/Dynamics/Joints/b2DistanceJoint.h': No such file or directory
  b2FrictionJoint.cpp
Box2D\Dynamics\Joints\b2FrictionJoint.cpp(19): fatal error C1083: Cannot open include file: 'Box2D/Dynamics/Joints/b2FrictionJoint.h': No such file or directory
  b2GearJoint.cpp
Box2D\Dynamics\Joints\b2GearJoint.cpp(19): fatal error C1083: Cannot open include file: 'Box2D/Dynamics/Joints/b2GearJoint.h': No such file or directory
  b2Joint.cpp
Box2D\Dynamics\Joints\b2Joint.cpp(19): fatal error C1083: Cannot open include file: 'Box2D/Dynamics/Joints/b2Joint.h': No such file or directory
  b2MotorJoint.cpp
Box2D\Dynamics\Joints\b2MotorJoint.cpp(19): fatal error C1083: Cannot open include file: 'Box2D/Dynamics/Joints/b2MotorJoint.h': No such file or directory
  b2MouseJoint.cpp
Box2D\Dynamics\Joints\b2MouseJoint.cpp(19): fatal error C1083: Cannot open include file: 'Box2D/Dynamics/Joints/b2MouseJoint.h': No such file or directory
  b2PrismaticJoint.cpp
Box2D\Dynamics\Joints\b2PrismaticJoint.cpp(19): fatal error C1083: Cannot open include file: 'Box2D/Dynamics/Joints/b2PrismaticJoint.h': No such file or directory
  Compiling...
  b2PulleyJoint.cpp
Box2D\Dynamics\Joints\b2PulleyJoint.cpp(19): fatal error C1083: Cannot open include file: 'Box2D/Dynamics/Joints/b2PulleyJoint.h': No such file or directory
  b2RevoluteJoint.cpp
Box2D\Dynamics\Joints\b2RevoluteJoint.cpp(19): fatal error C1083: Cannot open include file: 'Box2D/Dynamics/Joints/b2RevoluteJoint.h': No such file or directory
  b2RopeJoint.cpp
Box2D\Dynamics\Joints\b2RopeJoint.cpp(19): fatal error C1083: Cannot open include file: 'Box2D/Dynamics/Joints/b2RopeJoint.h': No such file or directory
  b2WeldJoint.cpp
Box2D\Dynamics\Joints\b2WeldJoint.cpp(19): fatal error C1083: Cannot open include file: 'Box2D/Dynamics/Joints/b2WeldJoint.h': No such file or directory
  b2WheelJoint.cpp
Box2D\Dynamics\Joints\b2WheelJoint.cpp(19): fatal error C1083: Cannot open include file: 'Box2D/Dynamics/Joints/b2WheelJoint.h': No such file or directory
  b2Rope.cpp
Box2D\Rope\b2Rope.cpp(19): fatal error C1083: Cannot open include file: 'Box2D/Rope/b2Rope.h': No such file or directory
  camera.cpp
camera.cpp(12): warning C4244: 'initializing' : conversion from 'int' to 'GLfloat', possible loss of data
  main.cpp
h:\github\angry-birds-physics\opengl systems - liam h\ShaderLoader.h(3): fatal error C1083: Cannot open include file: 'glew.h': No such file or directory
  object.cpp
h:\github\angry-birds-physics\opengl systems - liam h\ShaderLoader.h(3): fatal error C1083: Cannot open include file: 'glew.h': No such file or directory
  Scene.cpp
h:\github\angry-birds-physics\opengl systems - liam h\ShaderLoader.h(3): fatal error C1083: Cannot open include file: 'glew.h': No such file or directory
  ShaderLoader.cpp
h:\github\angry-birds-physics\opengl systems - liam h\ShaderLoader.h(3): fatal error C1083: Cannot open include file: 'glew.h': No such file or directory
  Text.cpp
h:\github\angry-birds-physics\opengl systems - liam h\ShaderLoader.h(3): fatal error C1083: Cannot open include file: 'glew.h': No such file or directory
